<?xml version="1.0" encoding="UTF-8"?>
<testng-results ignored="0" total="1" passed="1" failed="0" skipped="0">
  <reporter-output>
  </reporter-output>
  <suite started-at="2022-10-25T01:10:20 EDT" name="Default suite" finished-at="2022-10-25T01:10:25 EDT" duration-ms="5300">
    <groups>
    </groups>
    <test started-at="2022-10-25T01:10:20 EDT" name="Default test" finished-at="2022-10-25T01:10:25 EDT" duration-ms="5300">
      <class name="books.apis.testPackages.PutBooksApiTest">
        <test-method signature="putCallUpdateOrder()[pri:0, instance:books.apis.testPackages.PutBooksApiTest@702b8b12]" started-at="2022-10-25T01:10:20 EDT" name="putCallUpdateOrder" finished-at="2022-10-25T01:10:25 EDT" duration-ms="5222" status="PASS">
          <reporter-output>
          </reporter-output>
        </test-method> <!-- putCallUpdateOrder -->
      </class> <!-- books.apis.testPackages.PutBooksApiTest -->
    </test> <!-- Default test -->
  </suite> <!-- Default suite -->
</testng-results>
